<?xml version="1.0" encoding="UTF-8"?>
<!-- Generated by org.testng.reporters.JUnitReportReporter -->
<testsuite hostname="AmitKumar-AtlasAdm" failures="0" tests="4" name="com.cms.testcases.Account_E2E_Flow" time="107.274" errors="0" timestamp="2024-10-04T18:18:06 IST" skipped="0">
  <testcase classname="com.cms.testcases.Account_E2E_Flow" name="VerifyAddNewAccountFunctionality" time="87.644"/>
  <system-out/>
  <testcase classname="com.cms.testcases.Account_E2E_Flow" name="GetAccount" time="7.389"/>
  <system-out/>
  <testcase classname="com.cms.testcases.Account_E2E_Flow" name="DeleteContact" time="8.037"/>
  <system-out/>
  <testcase classname="com.cms.testcases.Account_E2E_Flow" name="AllValidationCheck" time="4.204"/>
  <system-out/>
</testsuite> <!-- com.cms.testcases.Account_E2E_Flow -->
