<?xml version="1.0" encoding="UTF-8"?>
<!-- Generated by org.testng.reporters.JUnitReportReporter -->
<testsuite hostname="AmitKumar-AtlasAdm" failures="0" tests="4" name="com.cms.testcases.TeamTest" time="56.841" errors="0" timestamp="2024-10-10T18:51:14 IST" skipped="0">
  <testcase classname="com.cms.testcases.TeamTest" name="VerifyAddNewTeamFunctionality" time="42.518"/>
  <system-out/>
  <testcase classname="com.cms.testcases.TeamTest" name="GetTeam" time="8.953"/>
  <system-out/>
  <testcase classname="com.cms.testcases.TeamTest" name="DeleteProject" time="3.273"/>
  <system-out/>
  <testcase classname="com.cms.testcases.TeamTest" name="AllValidationCheck" time="2.097"/>
  <system-out/>
</testsuite> <!-- com.cms.testcases.TeamTest -->
