<?xml version="1.0" encoding="UTF-8"?>
<!-- Generated by org.testng.reporters.JUnitReportReporter -->
<testsuite hostname="AmitKumar-AtlasAdm" failures="0" tests="4" name="com.cms.testcases.ProjectTest" time="95.072" errors="0" timestamp="2024-10-04T20:08:05 IST" skipped="0">
  <testcase classname="com.cms.testcases.ProjectTest" name="VerifyAddNewProjectFunctionality" time="84.845"/>
  <system-out/>
  <testcase classname="com.cms.testcases.ProjectTest" name="GetProject" time="4.819"/>
  <system-out/>
  <testcase classname="com.cms.testcases.ProjectTest" name="DeleteProject" time="3.184"/>
  <system-out/>
  <testcase classname="com.cms.testcases.ProjectTest" name="AllValidationCheck" time="2.224"/>
  <system-out/>
</testsuite> <!-- com.cms.testcases.ProjectTest -->
