<?xml version="1.0" encoding="UTF-8"?>
<!-- Generated by org.testng.reporters.JUnitReportReporter -->
<testsuite hostname="AmitKumar-AtlasAdm" failures="0" tests="4" name="com.cms.testcases.Contact_E2E_Flow4" time="204.139" errors="0" timestamp="2024-10-08T11:33:36 IST" skipped="0">
  <testcase classname="com.cms.testcases.Contact_E2E_Flow4" name="VerifyAddNewContactFunctionality" time="177.920"/>
  <system-out/>
  <testcase classname="com.cms.testcases.Contact_E2E_Flow4" name="GetContact" time="12.574"/>
  <system-out/>
  <testcase classname="com.cms.testcases.Contact_E2E_Flow4" name="DeleteContact" time="7.435"/>
  <system-out/>
  <testcase classname="com.cms.testcases.Contact_E2E_Flow4" name="AllValidationCheck" time="6.210"/>
  <system-out/>
</testsuite> <!-- com.cms.testcases.Contact_E2E_Flow4 -->
