<?xml version="1.0" encoding="UTF-8"?>
<!-- Generated by org.testng.reporters.JUnitReportReporter -->
<testsuite hostname="AmitKumar-AtlasAdm" failures="0" tests="4" name="com.cms.testcases.Contact_E2E_Flow4" time="203.228" errors="0" timestamp="2024-10-10T15:28:11 IST" skipped="0">
  <testcase classname="com.cms.testcases.Contact_E2E_Flow4" name="VerifyAddNewContactFunctionality" time="177.416"/>
  <system-out/>
  <testcase classname="com.cms.testcases.Contact_E2E_Flow4" name="GetContact" time="9.805"/>
  <system-out/>
  <testcase classname="com.cms.testcases.Contact_E2E_Flow4" name="DeleteContact" time="9.862"/>
  <system-out/>
  <testcase classname="com.cms.testcases.Contact_E2E_Flow4" name="AllValidationCheck" time="6.145"/>
  <system-out/>
</testsuite> <!-- com.cms.testcases.Contact_E2E_Flow4 -->
