<?xml version="1.0" encoding="UTF-8"?>
<!-- Generated by org.testng.reporters.JUnitReportReporter -->
<testsuite hostname="AmitKumar-AtlasAdm" failures="0" tests="6" name="com.cms.testcases.ProjectTest" time="100.632" errors="0" timestamp="2024-10-10T19:40:07 IST" skipped="0">
  <testcase classname="com.cms.testcases.ProjectTest" name="VerifyAddNewProjectFunctionality" time="83.327"/>
  <system-out/>
  <testcase classname="com.cms.testcases.ProjectTest" name="GetProject" time="5.315"/>
  <system-out/>
  <testcase classname="com.cms.testcases.ProjectTest" name="DeleteProject" time="3.336"/>
  <system-out/>
  <testcase classname="com.cms.testcases.ProjectTest" name="GetTeam" time="3.075"/>
  <system-out/>
  <testcase classname="com.cms.testcases.ProjectTest" name="DeleteTeam" time="3.239"/>
  <system-out/>
  <testcase classname="com.cms.testcases.ProjectTest" name="AllValidationCheck" time="2.340"/>
  <system-out/>
</testsuite> <!-- com.cms.testcases.ProjectTest -->
